2022/07/11 02:22:58 [warn] 18#18: conflicting server name "_" on 0.0.0.0:80, ignored
2022/07/11 02:22:58 [notice] 18#18: using the "epoll" event method
2022/07/11 02:22:58 [notice] 18#18: nginx/1.21.6
2022/07/11 02:22:58 [notice] 18#18: built by gcc 8.3.0 (Debian 8.3.0-6) 
2022/07/11 02:22:58 [notice] 18#18: OS: Linux 5.10.16.3-microsoft-standard-WSL2
2022/07/11 02:22:58 [notice] 18#18: getrlimit(RLIMIT_NOFILE): 1048576:1048576
2022/07/11 02:22:58 [notice] 18#18: start worker processes
2022/07/11 02:22:58 [notice] 18#18: start worker process 19
2022/07/11 02:22:58 [notice] 18#18: start worker process 20
2022/07/11 02:22:58 [notice] 18#18: start worker process 21
2022/07/11 02:22:58 [notice] 18#18: start worker process 22
2022/07/11 10:25:48 [error] 19#19: *801 FastCGI sent in stderr: "PHP message: PHP Fatal error:  Uncaught PDOException: SQLSTATE[42S02]: Base table or view not found: 1146 Table 'laravel_module.account_shopifys' doesn't exist in /var/www/html/vendor/laravel/framework/src/Illuminate/Database/Connection.php:368
Stack trace:
#0 /var/www/html/vendor/laravel/framework/src/Illuminate/Database/Connection.php(368): PDO->prepare()
#1 /var/www/html/vendor/laravel/framework/src/Illuminate/Database/Connection.php(705): Illuminate\Database\Connection->Illuminate\Database\{closure}()
#2 /var/www/html/vendor/laravel/framework/src/Illuminate/Database/Connection.php(672): Illuminate\Database\Connection->runQueryCallback()
#3 /var/www/html/vendor/laravel/framework/src/Illuminate/Database/Connection.php(376): Illuminate\Database\Connection->run()
#4 /var/www/html/vendor/laravel/framework/src/Illuminate/Database/Query/Builder.php(2414): Illuminate\Database\Connection->select()
#5 /var/www/html/vendor/laravel/framework/src/Illuminate/Database/Query/Builder.php(2402): Illuminate\Data...PHP message: PHP Fatal error:  Uncaught PDOException: SQLSTATE[42S02]: Base table or view not found: 1146 Table 'laravel_module.account_shopifys' doesn't exist in /var/www/html/vendor/laravel/framework/src/Illuminate/Database/Connection.php:368
Stack trace:
#0 /var/www/html/vendor/laravel/framework/src/Illuminate/Database/Connection.php(368): PDO->prepare()
#1 /var/www/html/vendor/laravel/framework/src/Illuminate/Database/Connection.php(705): Illuminate\Database\Connection->Illuminate\Database\{closure}()
#2 /var/www/html/vendor/laravel/framework/src/Illuminate/Database/Connection.php(672): Illuminate\Database\Connection->runQueryCallback()
#3 /var/www/html/vendor/laravel/framework/src/Illuminate/Database/Connection.php(376): Illuminate\Database\Connection->run()
#4 /var/www/html/vendor/laravel/framework/src/Illuminate/Database/Query/Builder.php(2414): Illuminate\Database\Connection->select()
#5 /var/www/html/vendor/laravel/framework/src/Illuminate/Data
2022/07/11 10:25:55 [error] 19#19: *816 FastCGI sent in stderr: "PHP message: PHP Fatal error:  Uncaught PDOException: SQLSTATE[42S02]: Base table or view not found: 1146 Table 'laravel_module.account_shopifys' doesn't exist in /var/www/html/vendor/laravel/framework/src/Illuminate/Database/Connection.php:368
Stack trace:
#0 /var/www/html/vendor/laravel/framework/src/Illuminate/Database/Connection.php(368): PDO->prepare()
#1 /var/www/html/vendor/laravel/framework/src/Illuminate/Database/Connection.php(705): Illuminate\Database\Connection->Illuminate\Database\{closure}()
#2 /var/www/html/vendor/laravel/framework/src/Illuminate/Database/Connection.php(672): Illuminate\Database\Connection->runQueryCallback()
#3 /var/www/html/vendor/laravel/framework/src/Illuminate/Database/Connection.php(376): Illuminate\Database\Connection->run()
#4 /var/www/html/vendor/laravel/framework/src/Illuminate/Database/Query/Builder.php(2414): Illuminate\Database\Connection->select()
#5 /var/www/html/vendor/laravel/framework/src/Illuminate/Database/Query/Builder.php(2402): Illuminate\Data...PHP message: PHP Fatal error:  Uncaught PDOException: SQLSTATE[42S02]: Base table or view not found: 1146 Table 'laravel_module.account_shopifys' doesn't exist in /var/www/html/vendor/laravel/framework/src/Illuminate/Database/Connection.php:368
Stack trace:
#0 /var/www/html/vendor/laravel/framework/src/Illuminate/Database/Connection.php(368): PDO->prepare()
#1 /var/www/html/vendor/laravel/framework/src/Illuminate/Database/Connection.php(705): Illuminate\Database\Connection->Illuminate\Database\{closure}()
#2 /var/www/html/vendor/laravel/framework/src/Illuminate/Database/Connection.php(672): Illuminate\Database\Connection->runQueryCallback()
#3 /var/www/html/vendor/laravel/framework/src/Illuminate/Database/Connection.php(376): Illuminate\Database\Connection->run()
#4 /var/www/html/vendor/laravel/framework/src/Illuminate/Database/Query/Builder.php(2414): Illuminate\Database\Connection->select()
#5 /var/www/html/vendor/laravel/framework/src/Illuminate/Data
2022/07/13 03:09:34 [warn] 19#19: conflicting server name "_" on 0.0.0.0:80, ignored
2022/07/13 03:09:34 [notice] 19#19: using the "epoll" event method
2022/07/13 03:09:34 [notice] 19#19: nginx/1.21.6
2022/07/13 03:09:34 [notice] 19#19: built by gcc 8.3.0 (Debian 8.3.0-6) 
2022/07/13 03:09:34 [notice] 19#19: OS: Linux 5.10.16.3-microsoft-standard-WSL2
2022/07/13 03:09:34 [notice] 19#19: getrlimit(RLIMIT_NOFILE): 1048576:1048576
2022/07/13 03:09:34 [notice] 19#19: start worker processes
2022/07/13 03:09:34 [notice] 19#19: start worker process 20
2022/07/13 03:09:34 [notice] 19#19: start worker process 21
2022/07/13 03:09:34 [notice] 19#19: start worker process 22
2022/07/13 03:09:34 [notice] 19#19: start worker process 23
