[11-Jul-2022 02:22:59] NOTICE: fpm is running, pid 17
[11-Jul-2022 02:22:59] NOTICE: ready to handle connections
[11-Jul-2022 02:22:59] NOTICE: systemd monitor interval set to 10000ms
[11-Jul-2022 02:57:42] WARNING: [pool www] server reached pm.max_children setting (4), consider raising it
[11-Jul-2022 10:25:48] WARNING: [pool www] child 25 said into stderr: "NOTICE: PHP message: PHP Fatal error:  Uncaught PDOException: SQLSTATE[42S02]: Base table or view not found: 1146 Table 'laravel_module.account_shopifys' doesn't exist in /var/www/html/vendor/laravel/framework/src/Illuminate/Database/Connection.php:368"
[11-Jul-2022 10:25:48] WARNING: [pool www] child 25 said into stderr: "Stack trace:"
[11-Jul-2022 10:25:48] WARNING: [pool www] child 25 said into stderr: "#0 /var/www/html/vendor/laravel/framework/src/Illuminate/Database/Connection.php(368): PDO->prepare()"
[11-Jul-2022 10:25:48] WARNING: [pool www] child 25 said into stderr: "#1 /var/www/html/vendor/laravel/framework/src/Illuminate/Database/Connection.php(705): Illuminate\Database\Connection->Illuminate\Database\{closure}()"
[11-Jul-2022 10:25:48] WARNING: [pool www] child 25 said into stderr: "#2 /var/www/html/vendor/laravel/framework/src/Illuminate/Database/Connection.php(672): Illuminate\Database\Connection->runQueryCallback()"
[11-Jul-2022 10:25:48] WARNING: [pool www] child 25 said into stderr: "#3 /var/www/html/vendor/laravel/framework/src/Illuminate/Database/Connection.php(376): Illuminate\Database\Connection->run()"
[11-Jul-2022 10:25:48] WARNING: [pool www] child 25 said into stderr: "#4 /var/www/html/vendor/laravel/framework/src/Illuminate/Database/Query/Builder.php(2414): Illuminate\Database\Connection->select()"
[11-Jul-2022 10:25:48] WARNING: [pool www] child 25 said into stderr: "#5 /var/www/html/vendor/laravel/framework/src/Illuminate/Database/Query/Builder.php(2402): Illuminate\Data..."
[11-Jul-2022 10:25:48] WARNING: [pool www] child 25 said into stderr: "NOTICE: PHP message: PHP Fatal error:  Uncaught PDOException: SQLSTATE[42S02]: Base table or view not found: 1146 Table 'laravel_module.account_shopifys' doesn't exist in /var/www/html/vendor/laravel/framework/src/Illuminate/Database/Connection.php:368"
[11-Jul-2022 10:25:48] WARNING: [pool www] child 25 said into stderr: "Stack trace:"
[11-Jul-2022 10:25:48] WARNING: [pool www] child 25 said into stderr: "#0 /var/www/html/vendor/laravel/framework/src/Illuminate/Database/Connection.php(368): PDO->prepare()"
[11-Jul-2022 10:25:48] WARNING: [pool www] child 25 said into stderr: "#1 /var/www/html/vendor/laravel/framework/src/Illuminate/Database/Connection.php(705): Illuminate\Database\Connection->Illuminate\Database\{closure}()"
[11-Jul-2022 10:25:48] WARNING: [pool www] child 25 said into stderr: "#2 /var/www/html/vendor/laravel/framework/src/Illuminate/Database/Connection.php(672): Illuminate\Database\Connection->runQueryCallback()"
[11-Jul-2022 10:25:48] WARNING: [pool www] child 25 said into stderr: "#3 /var/www/html/vendor/laravel/framework/src/Illuminate/Database/Connection.php(376): Illuminate\Database\Connection->run()"
[11-Jul-2022 10:25:48] WARNING: [pool www] child 25 said into stderr: "#4 /var/www/html/vendor/laravel/framework/src/Illuminate/Database/Query/Builder.php(2414): Illuminate\Database\Connection->select()"
[11-Jul-2022 10:25:48] WARNING: [pool www] child 25 said into stderr: "#5 /var/www/html/vendor/laravel/framework/src/Illuminate/Database/Query/Builder.php(2402): Illuminate\Data..."
[11-Jul-2022 10:25:55] WARNING: [pool www] child 24 said into stderr: "NOTICE: PHP message: PHP Fatal error:  Uncaught PDOException: SQLSTATE[42S02]: Base table or view not found: 1146 Table 'laravel_module.account_shopifys' doesn't exist in /var/www/html/vendor/laravel/framework/src/Illuminate/Database/Connection.php:368"
[11-Jul-2022 10:25:55] WARNING: [pool www] child 24 said into stderr: "Stack trace:"
[11-Jul-2022 10:25:55] WARNING: [pool www] child 24 said into stderr: "#0 /var/www/html/vendor/laravel/framework/src/Illuminate/Database/Connection.php(368): PDO->prepare()"
[11-Jul-2022 10:25:55] WARNING: [pool www] child 24 said into stderr: "#1 /var/www/html/vendor/laravel/framework/src/Illuminate/Database/Connection.php(705): Illuminate\Database\Connection->Illuminate\Database\{closure}()"
[11-Jul-2022 10:25:55] WARNING: [pool www] child 24 said into stderr: "#2 /var/www/html/vendor/laravel/framework/src/Illuminate/Database/Connection.php(672): Illuminate\Database\Connection->runQueryCallback()"
[11-Jul-2022 10:25:55] WARNING: [pool www] child 24 said into stderr: "#3 /var/www/html/vendor/laravel/framework/src/Illuminate/Database/Connection.php(376): Illuminate\Database\Connection->run()"
[11-Jul-2022 10:25:55] WARNING: [pool www] child 24 said into stderr: "#4 /var/www/html/vendor/laravel/framework/src/Illuminate/Database/Query/Builder.php(2414): Illuminate\Database\Connection->select()"
[11-Jul-2022 10:25:55] WARNING: [pool www] child 24 said into stderr: "#5 /var/www/html/vendor/laravel/framework/src/Illuminate/Database/Query/Builder.php(2402): Illuminate\Data..."
[11-Jul-2022 10:25:55] WARNING: [pool www] child 24 said into stderr: "NOTICE: PHP message: PHP Fatal error:  Uncaught PDOException: SQLSTATE[42S02]: Base table or view not found: 1146 Table 'laravel_module.account_shopifys' doesn't exist in /var/www/html/vendor/laravel/framework/src/Illuminate/Database/Connection.php:368"
[11-Jul-2022 10:25:55] WARNING: [pool www] child 24 said into stderr: "Stack trace:"
[11-Jul-2022 10:25:55] WARNING: [pool www] child 24 said into stderr: "#0 /var/www/html/vendor/laravel/framework/src/Illuminate/Database/Connection.php(368): PDO->prepare()"
[11-Jul-2022 10:25:55] WARNING: [pool www] child 24 said into stderr: "#1 /var/www/html/vendor/laravel/framework/src/Illuminate/Database/Connection.php(705): Illuminate\Database\Connection->Illuminate\Database\{closure}()"
[11-Jul-2022 10:25:55] WARNING: [pool www] child 24 said into stderr: "#2 /var/www/html/vendor/laravel/framework/src/Illuminate/Database/Connection.php(672): Illuminate\Database\Connection->runQueryCallback()"
[11-Jul-2022 10:25:55] WARNING: [pool www] child 24 said into stderr: "#3 /var/www/html/vendor/laravel/framework/src/Illuminate/Database/Connection.php(376): Illuminate\Database\Connection->run()"
[11-Jul-2022 10:25:55] WARNING: [pool www] child 24 said into stderr: "#4 /var/www/html/vendor/laravel/framework/src/Illuminate/Database/Query/Builder.php(2414): Illuminate\Database\Connection->select()"
[11-Jul-2022 10:25:55] WARNING: [pool www] child 24 said into stderr: "#5 /var/www/html/vendor/laravel/framework/src/Illuminate/Database/Query/Builder.php(2402): Illuminate\Data..."
[13-Jul-2022 03:09:35] NOTICE: fpm is running, pid 18
[13-Jul-2022 03:09:35] NOTICE: ready to handle connections
[13-Jul-2022 03:09:35] NOTICE: systemd monitor interval set to 10000ms
[13-Jul-2022 03:26:09] WARNING: [pool www] server reached pm.max_children setting (4), consider raising it
